2022-04-12 23:50:01,286 INFO org.springframework.boot.StartupInfoLogger [main] Starting ArtGalleryApp using Java 11.0.8 on Adrians-MacBook-Pro.local with PID 77908 (/Users/adrian/Documents/facultate/ProdEng/build/classes/java/main started by adrian in /Users/adrian/Documents/facultate/ProdEng)
2022-04-12 23:50:01,290 INFO org.springframework.boot.SpringApplication [main] No active profile set, falling back to default profiles: default
2022-04-12 23:50:01,980 INFO org.springframework.data.repository.config.RepositoryConfigurationDelegate [main] Bootstrapping Spring Data MongoDB repositories in DEFAULT mode.
2022-04-12 23:50:02,037 INFO org.springframework.data.repository.config.RepositoryConfigurationDelegate [main] Finished Spring Data repository scanning in 52 ms. Found 2 MongoDB repository interfaces.
2022-04-12 23:50:03,020 INFO org.springframework.boot.web.embedded.tomcat.TomcatWebServer [main] Tomcat initialized with port(s): 8080 (http)
2022-04-12 23:50:03,035 INFO org.apache.juli.logging.DirectJDKLog [main] Initializing ProtocolHandler ["http-nio-8080"]
2022-04-12 23:50:03,036 INFO org.apache.juli.logging.DirectJDKLog [main] Starting service [Tomcat]
2022-04-12 23:50:03,036 INFO org.apache.juli.logging.DirectJDKLog [main] Starting Servlet engine: [Apache Tomcat/9.0.50]
2022-04-12 23:50:03,116 INFO org.apache.juli.logging.DirectJDKLog [main] Initializing Spring embedded WebApplicationContext
2022-04-12 23:50:03,116 INFO org.springframework.boot.web.servlet.context.ServletWebServerApplicationContext [main] Root WebApplicationContext: initialization completed in 1755 ms
2022-04-12 23:50:03,481 INFO com.mongodb.diagnostics.logging.SLF4JLogger [main] Cluster created with settings {hosts=[localhost:27017], mode=SINGLE, requiredClusterType=UNKNOWN, serverSelectionTimeout='30000 ms'}
2022-04-12 23:50:03,573 INFO com.mongodb.diagnostics.logging.SLF4JLogger [cluster-ClusterId{value='6255e5fb06b7c02dc0493061', description='null'}-localhost:27017] Opened connection [connectionId{localValue:1, serverValue:1884}] to localhost:27017
2022-04-12 23:50:03,574 INFO com.mongodb.diagnostics.logging.SLF4JLogger [cluster-rtt-ClusterId{value='6255e5fb06b7c02dc0493061', description='null'}-localhost:27017] Opened connection [connectionId{localValue:2, serverValue:1883}] to localhost:27017
2022-04-12 23:50:03,575 INFO com.mongodb.diagnostics.logging.SLF4JLogger [cluster-ClusterId{value='6255e5fb06b7c02dc0493061', description='null'}-localhost:27017] Monitor thread successfully connected to server with description ServerDescription{address=localhost:27017, type=STANDALONE, state=CONNECTED, ok=true, minWireVersion=0, maxWireVersion=13, maxDocumentSize=16777216, logicalSessionTimeoutMinutes=30, roundTripTimeNanos=24194602}
2022-04-12 23:50:04,253 INFO com.mongodb.diagnostics.logging.SLF4JLogger [main] Opened connection [connectionId{localValue:3, serverValue:1885}] to localhost:27017
2022-04-12 23:50:05,163 INFO org.springframework.boot.actuate.endpoint.web.EndpointLinksResolver [main] Exposing 3 endpoint(s) beneath base path '/actuator'
2022-04-12 23:50:05,193 INFO org.apache.juli.logging.DirectJDKLog [main] Starting ProtocolHandler ["http-nio-8080"]
2022-04-12 23:50:05,212 INFO org.springframework.boot.web.embedded.tomcat.TomcatWebServer [main] Tomcat started on port(s): 8080 (http) with context path ''
2022-04-12 23:50:05,228 INFO org.springframework.boot.StartupInfoLogger [main] Started ArtGalleryApp in 9.592 seconds (JVM running for 10.061)
2022-04-12 23:50:10,128 INFO org.apache.juli.logging.DirectJDKLog [http-nio-8080-exec-1] Initializing Spring DispatcherServlet 'dispatcherServlet'
2022-04-12 23:50:10,128 INFO org.springframework.web.servlet.FrameworkServlet [http-nio-8080-exec-1] Initializing Servlet 'dispatcherServlet'
2022-04-12 23:50:10,130 INFO org.springframework.web.servlet.FrameworkServlet [http-nio-8080-exec-1] Completed initialization in 2 ms
2022-04-12 23:50:24,212 INFO ro.unibuc.gallery.logging.LoggingController [http-nio-8080-exec-4] An INFO Message
2022-04-12 23:50:24,213 WARN ro.unibuc.gallery.logging.LoggingController [http-nio-8080-exec-4] A WARN Message
2022-04-12 23:50:24,213 ERROR ro.unibuc.gallery.logging.LoggingController [http-nio-8080-exec-4] An ERROR Message
